<?xml version="1.0" encoding="UTF-8"?>
<!-- Generated by org.testng.reporters.JUnitReportReporter -->
<testsuite skipped="0" hostname="DESKTOP-JCJ8HOK" name="excelDataDriven.DataManagementwithHashTable" tests="2" failures="0" timestamp="01 Nov 2023 02:06:55 GMT" time="0.076" errors="0">
  <testcase name="f" time="0.073" classname="excelDataDriven.DataManagementwithHashTable"/>
  <testcase name="f" time="0.003" classname="excelDataDriven.DataManagementwithHashTable"/>
</testsuite> <!-- excelDataDriven.DataManagementwithHashTable -->
