<?xml version="1.0" encoding="UTF-8"?>
<!-- Generated by org.testng.reporters.JUnitReportReporter -->
<testsuite skipped="0" hostname="DESKTOP-JCJ8HOK" name="excelDataDriven.DataManagementwithDataProvider" tests="3" failures="0" timestamp="01 Nov 2023 01:54:03 GMT" time="0.017" errors="0">
  <testcase name="f" time="0.001" classname="excelDataDriven.DataManagementwithDataProvider"/>
  <testcase name="f" time="0.015" classname="excelDataDriven.DataManagementwithDataProvider"/>
  <testcase name="f" time="0.001" classname="excelDataDriven.DataManagementwithDataProvider"/>
</testsuite> <!-- excelDataDriven.DataManagementwithDataProvider -->
