<?xml version="1.0" encoding="UTF-8"?>
<!-- Generated by org.testng.reporters.JUnitReportReporter -->
<testsuite skipped="0" hostname="DESKTOP-JCJ8HOK" name="testng.TNG_001" tests="1" failures="0" timestamp="09 Oct 2023 01:52:50 GMT" time="0.011" errors="0">
  <testcase name="f" time="0.011" classname="testng.TNG_001"/>
</testsuite> <!-- testng.TNG_001 -->
