<?xml version="1.0" encoding="UTF-8"?>
<!-- Generated by org.testng.reporters.JUnitReportReporter -->
<testsuite skipped="0" hostname="DESKTOP-JCJ8HOK" name="testng.CreateUser" tests="6" failures="0" timestamp="19 Oct 2023 02:11:43 GMT" time="0.034" errors="0">
  <testcase name="createUser" time="0.020" classname="testng.CreateUser"/>
  <testcase name="deleteUser" time="0.002" classname="testng.CreateUser"/>
  <testcase name="createUser" time="0.005" classname="testng.CreateUser"/>
  <testcase name="deleteUser" time="0.003" classname="testng.CreateUser"/>
  <testcase name="createUser" time="0.002" classname="testng.CreateUser"/>
  <testcase name="deleteUser" time="0.002" classname="testng.CreateUser"/>
</testsuite> <!-- testng.CreateUser -->
