<?xml version="1.0" encoding="UTF-8"?>
<!-- Generated by org.testng.reporters.JUnitReportReporter -->
<testsuite skipped="1" hostname="DESKTOP-JCJ8HOK" name="testng.TNG_002" tests="3" failures="0" timestamp="09 Oct 2023 01:52:50 GMT" time="0.009" errors="0">
  <testcase name="f" time="0.003" classname="testng.TNG_002"/>
  <testcase name="z" time="0.006" classname="testng.TNG_002"/>
  <testcase name="a" classname="testng.TNG_002">
    <skipped/>
  </testcase> <!-- a -->
</testsuite> <!-- testng.TNG_002 -->
