<?xml version="1.0" encoding="UTF-8"?>
<!-- Generated by org.testng.reporters.JUnitReportReporter -->
<testsuite skipped="0" hostname="DESKTOP-JCJ8HOK" name="testng.RadioButton1" tests="1" failures="0" timestamp="12 Oct 2023 02:02:27 GMT" time="15.923" errors="0">
  <testcase name="radioButtonTest" time="15.923" classname="testng.RadioButton1"/>
</testsuite> <!-- testng.RadioButton1 -->
