<?xml version="1.0" encoding="UTF-8"?>
<!-- Generated by org.testng.reporters.JUnitReportReporter -->
<testsuite skipped="0" hostname="DESKTOP-JCJ8HOK" name="testng.LoginTest" tests="1" failures="0" timestamp="18 Oct 2023 02:19:47 GMT" time="1.672" errors="0">
  <testcase name="loginTest" time="1.672" classname="testng.LoginTest"/>
</testsuite> <!-- testng.LoginTest -->
