<?xml version="1.0" encoding="UTF-8"?>
<!-- Generated by org.testng.reporters.JUnitReportReporter -->
<testsuite skipped="0" hostname="DESKTOP-JCJ8HOK" name="testng.MethodParallel" tests="7" failures="0" timestamp="11 Oct 2023 02:22:56 GMT" time="0.488" errors="0">
  <testcase name="test2" time="0.095" classname="testng.MethodParallel"/>
  <testcase name="test1" time="0.095" classname="testng.MethodParallel"/>
  <testcase name="test3" time="0.095" classname="testng.MethodParallel"/>
  <testcase name="test6" time="0.037" classname="testng.MethodParallel"/>
  <testcase name="test7" time="0.031" classname="testng.MethodParallel"/>
  <testcase name="test5" time="0.040" classname="testng.MethodParallel"/>
  <testcase name="test4" time="0.095" classname="testng.MethodParallel"/>
</testsuite> <!-- testng.MethodParallel -->
