<?xml version="1.0" encoding="UTF-8"?>
<!-- Generated by org.testng.reporters.JUnitReportReporter -->
<testsuite skipped="0" hostname="DESKTOP-JCJ8HOK" name="testng.RegTest" tests="1" failures="0" timestamp="18 Oct 2023 02:19:47 GMT" time="0.208" errors="0">
  <testcase name="regTest" time="0.208" classname="testng.RegTest"/>
</testsuite> <!-- testng.RegTest -->
