<?xml version="1.0" encoding="UTF-8"?>
<!-- Generated by org.testng.reporters.JUnitReportReporter -->
<testsuite skipped="0" hostname="DESKTOP-JCJ8HOK" name="excelDataDriven.DataManagementFinalVersion" tests="2" failures="0" timestamp="01 Nov 2023 02:14:36 GMT" time="0.044" errors="0">
  <testcase name="f" time="0.040" classname="excelDataDriven.DataManagementFinalVersion"/>
  <testcase name="f" time="0.004" classname="excelDataDriven.DataManagementFinalVersion"/>
</testsuite> <!-- excelDataDriven.DataManagementFinalVersion -->
