<?xml version="1.0" encoding="UTF-8"?>
<!-- Generated by org.testng.reporters.JUnitReportReporter -->
<testsuite skipped="2" hostname="DESKTOP-JCJ8HOK" name="testng.TestDependancy" tests="4" failures="0" timestamp="12 Oct 2023 02:20:18 GMT" time="0.031" errors="0">
  <testcase name="orange" time="0.025" classname="testng.TestDependancy"/>
  <testcase name="white" time="0.004" classname="testng.TestDependancy"/>
  <testcase name="blue" time="0.002" classname="testng.TestDependancy">
    <skipped/>
  </testcase> <!-- blue -->
  <testcase name="green" time="0.000" classname="testng.TestDependancy">
    <skipped/>
  </testcase> <!-- green -->
</testsuite> <!-- testng.TestDependancy -->
