<?xml version="1.0" encoding="UTF-8"?>
<!-- Generated by org.testng.reporters.JUnitReportReporter -->
<testsuite hostname="DESKTOP-JCJ8HOK" failures="0" tests="1" name="suiteA.TestA1" time="2.043" errors="0" timestamp="26 Jan 2024 01:19:01 GMT" skipped="0">
  <testcase classname="suiteA.TestA1" name="testA1" time="2.043"/>
</testsuite> <!-- suiteA.TestA1 -->
