<?xml version="1.0" encoding="UTF-8"?>
<!-- Generated by org.testng.reporters.JUnitReportReporter -->
<testsuite hostname="DESKTOP-JCJ8HOK" failures="0" tests="6" name="testng.TestMethodsParallel" time="0.189" errors="0" timestamp="26 Jan 2024 00:54:10 GMT" skipped="0">
  <testcase classname="testng.TestMethodsParallel" name="test5" time="0.011"/>
  <testcase classname="testng.TestMethodsParallel" name="test3" time="0.053"/>
  <testcase classname="testng.TestMethodsParallel" name="test4" time="0.006"/>
  <testcase classname="testng.TestMethodsParallel" name="test6" time="0.013"/>
  <testcase classname="testng.TestMethodsParallel" name="test1" time="0.053"/>
  <testcase classname="testng.TestMethodsParallel" name="test2" time="0.053"/>
</testsuite> <!-- testng.TestMethodsParallel -->
