<?xml version="1.0" encoding="UTF-8"?>
<!-- Generated by org.testng.reporters.JUnitReportReporter -->
<testsuite hostname="DESKTOP-JCJ8HOK" failures="0" tests="3" name="dataProviders.TestDataprovider" time="0.040" errors="0" timestamp="09 Feb 2024 01:04:30 GMT" skipped="0">
  <testcase classname="dataProviders.TestDataprovider" name="f" time="0.012"/>
  <testcase classname="dataProviders.TestDataprovider" name="f" time="0.005"/>
  <testcase classname="dataProviders.TestDataprovider" name="f" time="0.023"/>
</testsuite> <!-- dataProviders.TestDataprovider -->
