<?xml version="1.0" encoding="UTF-8"?>
<!-- Generated by org.testng.reporters.JUnitReportReporter -->
<testsuite hostname="DESKTOP-JCJ8HOK" failures="0" tests="2" name="excelOperations.DataManagementwithDataProvider" time="0.042" errors="0" timestamp="20 Feb 2024 01:00:57 GMT" skipped="0">
  <testcase classname="excelOperations.DataManagementwithDataProvider" name="f" time="0.006"/>
  <testcase classname="excelOperations.DataManagementwithDataProvider" name="f" time="0.036"/>
</testsuite> <!-- excelOperations.DataManagementwithDataProvider -->
