<?xml version="1.0" encoding="UTF-8"?>
<!-- Generated by org.testng.reporters.JUnitReportReporter -->
<testsuite hostname="DESKTOP-JCJ8HOK" failures="0" tests="2" name="testng.TNG_002" time="60.230" errors="0" timestamp="25 Jan 2024 01:20:36 GMT" skipped="0">
  <testcase classname="testng.TNG_002" name="amazon" time="29.966"/>
  <testcase classname="testng.TNG_002" name="amazon" time="30.264"/>
</testsuite> <!-- testng.TNG_002 -->
