<?xml version="1.0" encoding="UTF-8"?>
<!-- Generated by org.testng.reporters.JUnitReportReporter -->
<testsuite hostname="DESKTOP-JCJ8HOK" failures="0" tests="1" name="testng.CheckBox1" time="10.017" errors="0" timestamp="26 Jan 2024 01:36:57 GMT" skipped="0">
  <testcase classname="testng.CheckBox1" name="checkboxTest" time="10.017"/>
</testsuite> <!-- testng.CheckBox1 -->
