<?xml version="1.0" encoding="UTF-8"?>
<!-- Generated by org.testng.reporters.JUnitReportReporter -->
<testsuite hostname="DESKTOP-JCJ8HOK" failures="0" tests="1" name="testng.TNG_002" time="31.121" errors="0" timestamp="26 Jan 2024 01:38:20 GMT" skipped="0">
  <testcase classname="testng.TNG_002" name="amazon" time="31.121"/>
</testsuite> <!-- testng.TNG_002 -->
