<?xml version="1.0" encoding="UTF-8"?>
<!-- Generated by org.testng.reporters.JUnitReportReporter -->
<testsuite hostname="DESKTOP-JCJ8HOK" failures="0" tests="3" name="testng.TNG_001" time="0.018" errors="0" timestamp="24 Jan 2024 01:27:29 GMT" skipped="1">
  <testcase classname="testng.TNG_001" name="f" time="0.010"/>
  <testcase classname="testng.TNG_001" name="z" time="0.008"/>
  <testcase classname="testng.TNG_001" name="a">
    <skipped/>
  </testcase> <!-- a -->
</testsuite> <!-- testng.TNG_001 -->
