<?xml version="1.0" encoding="UTF-8"?>
<!-- Generated by org.testng.reporters.JUnitReportReporter -->
<testsuite hostname="DESKTOP-JCJ8HOK" failures="0" tests="2" name="testng.CheckBox1" time="33.339" errors="0" timestamp="25 Jan 2024 01:20:36 GMT" skipped="0">
  <testcase classname="testng.CheckBox1" name="checkboxTest" time="9.924"/>
  <testcase classname="testng.CheckBox1" name="checkboxTest" time="23.415"/>
</testsuite> <!-- testng.CheckBox1 -->
