<?xml version="1.0" encoding="UTF-8"?>
<!-- Generated by org.testng.reporters.JUnitReportReporter -->
<testsuite hostname="DESKTOP-JCJ8HOK" failures="0" tests="2" name="testng.RadioButton1" time="42.647" errors="0" timestamp="25 Jan 2024 01:20:36 GMT" skipped="0">
  <testcase classname="testng.RadioButton1" name="radioButtonTest" time="23.041"/>
  <testcase classname="testng.RadioButton1" name="radioButtonTest" time="19.606"/>
</testsuite> <!-- testng.RadioButton1 -->
