<?xml version="1.0" encoding="UTF-8"?>
<!-- Generated by org.testng.reporters.JUnitReportReporter -->
<testsuite hostname="DESKTOP-JCJ8HOK" failures="0" tests="2" name="excelOperations.DataManagementwithHashTable" time="0.031" errors="0" timestamp="20 Feb 2024 01:15:43 GMT" skipped="0">
  <testcase classname="excelOperations.DataManagementwithHashTable" name="f" time="0.003"/>
  <testcase classname="excelOperations.DataManagementwithHashTable" name="f" time="0.028"/>
</testsuite> <!-- excelOperations.DataManagementwithHashTable -->
