<?xml version="1.0" encoding="UTF-8"?>
<!-- Generated by org.testng.reporters.JUnitReportReporter -->
<testsuite hostname="DESKTOP-JCJ8HOK" failures="0" tests="2" name="excelOperations.DataManagementFinalVersion" time="0.058" errors="0" timestamp="20 Feb 2024 01:24:44 GMT" skipped="0">
  <testcase classname="excelOperations.DataManagementFinalVersion" name="f" time="0.045"/>
  <testcase classname="excelOperations.DataManagementFinalVersion" name="f" time="0.013"/>
</testsuite> <!-- excelOperations.DataManagementFinalVersion -->
