<?xml version="1.0" encoding="UTF-8"?>
<!-- Generated by org.testng.reporters.JUnitReportReporter -->
<testsuite hostname="DESKTOP-JCJ8HOK" failures="0" tests="1" name="testng.RadioButton1" time="23.667" errors="0" timestamp="26 Jan 2024 01:36:57 GMT" skipped="0">
  <testcase classname="testng.RadioButton1" name="radioButtonTest" time="23.667"/>
</testsuite> <!-- testng.RadioButton1 -->
