<?xml version="1.0" encoding="UTF-8"?>
<!-- Generated by org.testng.reporters.JUnitReportReporter -->
<testsuite hostname="DESKTOP-JCJ8HOK" failures="0" tests="2" name="testng.LinksTesting1" time="34.677" errors="0" timestamp="25 Jan 2024 01:20:36 GMT" skipped="0">
  <testcase classname="testng.LinksTesting1" name="linktesting1" time="25.342"/>
  <testcase classname="testng.LinksTesting1" name="linktesting1" time="9.335"/>
</testsuite> <!-- testng.LinksTesting1 -->
