<?xml version="1.0" encoding="UTF-8"?>
<!-- Generated by org.testng.reporters.JUnitReportReporter -->
<testsuite hostname="DESKTOP-JCJ8HOK" failures="0" tests="2" name="testcases.BookingManagement" time="0.048" errors="0" timestamp="07 Feb 2024 01:18:42 GMT" skipped="0">
  <testcase classname="testcases.BookingManagement" name="creatingBooking" time="0.003"/>
  <testcase classname="testcases.BookingManagement" name="creatingBooking" time="0.045"/>
</testsuite> <!-- testcases.BookingManagement -->
