<?xml version="1.0" encoding="UTF-8"?>
<!-- Generated by org.testng.reporters.JUnitReportReporter -->
<testsuite hostname="DESKTOP-JCJ8HOK" failures="0" tests="4" name="testcases.Paymentmanagement" time="0.014" errors="0" timestamp="07 Feb 2024 01:18:42 GMT" skipped="0">
  <testcase classname="testcases.Paymentmanagement" name="makePayment" time="0.004"/>
  <testcase classname="testcases.Paymentmanagement" name="applyDicount" time="0.005"/>
  <testcase classname="testcases.Paymentmanagement" name="applyDicount" time="0.003"/>
  <testcase classname="testcases.Paymentmanagement" name="makePayment" time="0.002"/>
</testsuite> <!-- testcases.Paymentmanagement -->
