<?xml version="1.0" encoding="UTF-8"?>
<!-- Generated by org.testng.reporters.JUnitReportReporter -->
<testsuite hostname="DESKTOP-JCJ8HOK" failures="0" tests="4" name="testcases.CommunicationManagement" time="0.026" errors="0" timestamp="07 Feb 2024 01:18:42 GMT" skipped="0">
  <testcase classname="testcases.CommunicationManagement" name="checkMobileCommunication" time="0.001"/>
  <testcase classname="testcases.CommunicationManagement" name="checkMailCommunication" time="0.001"/>
  <testcase classname="testcases.CommunicationManagement" name="checkMailCommunication" time="0.019"/>
  <testcase classname="testcases.CommunicationManagement" name="checkMobileCommunication" time="0.005"/>
</testsuite> <!-- testcases.CommunicationManagement -->
