<?xml version="1.0" encoding="UTF-8"?>
<!-- Generated by org.testng.reporters.JUnitReportReporter -->
<testsuite skipped="0" hostname="DESKTOP-JCJ8HOK" name="testcases.CommunicationManagement" tests="4" failures="0" timestamp="31 Oct 2023 13:30:20 GMT" time="0.016" errors="0">
  <testcase name="checkMobileCommunication" time="0.003" classname="testcases.CommunicationManagement"/>
  <testcase name="checkMailCommunication" time="0.002" classname="testcases.CommunicationManagement"/>
  <testcase name="checkMailCommunication" time="0.007" classname="testcases.CommunicationManagement"/>
  <testcase name="checkMobileCommunication" time="0.004" classname="testcases.CommunicationManagement"/>
</testsuite> <!-- testcases.CommunicationManagement -->
